<?xml version="1.0" encoding="UTF-8"?>
<!-- Generated by org.testng.reporters.JUnitReportReporter -->
<testsuite skipped="0" hostname="DESKTOP-O6S8VEP" name="com.cybertek.JobApplicationProject" tests="4" failures="0" timestamp="25 Jun 2018 05:17:33 GMT" time="28.364" errors="0">
  <testcase name="fullNameEmptyTest" time="0.624" classname="com.cybertek.JobApplicationProject"/>
  <testcase name="submitFullApplication" time="9.702" classname="com.cybertek.JobApplicationProject"/>
  <testcase name="verifyIpAddress" time="3.708" classname="com.cybertek.JobApplicationProject"/>
  <testcase name="verifyEmail" time="14.330" classname="com.cybertek.JobApplicationProject"/>
</testsuite> <!-- com.cybertek.JobApplicationProject -->
